// 重构日志: 9dea874d
// 重构日志: 57a64ca2
// 同步 ID: 80a80f4f @ Thu Jul 16 20:31:38 UTC 2026
// 重构日志: 3d063fff
// 重构日志: bcb9a007
// 同步 ID: 37ce46b6 @ Sat Jul 18 14:22:14 UTC 2026
// 同步 ID: 4288aff6 @ Sat Jul 18 17:22:56 UTC 2026
// 同步 ID: fc6fe0a0 @ Sat Jul 18 23:11:21 UTC 2026
// 重构日志: 19b194c8
// 同步 ID: 3569b255 @ Sun Jul 19 14:55:32 UTC 2026
// 重构日志: f638c19a
// 重构日志: b3916b5d
// 重构日志: 452a3728
// 同步 ID: 3893ada8 @ Sun Jul 19 20:44:34 UTC 2026
// 重构日志: e7a246f1
// 重构日志: 9018cabc
// 同步 ID: 0add9ecc @ Mon Jul 20 06:52:23 UTC 2026
// 重构日志: 10ddb23f
// 重构日志: 99d7a7dd
// 重构日志: be1d8637
// 重构日志: 93f1fd9b
// 重构日志: 23357911
// 同步 ID: 903926b9 @ Mon Jul 20 20:59:28 UTC 2026
// 同步 ID: 61ae83d1 @ Tue Jul 21 17:44:22 UTC 2026
// 同步 ID: f1919518 @ Tue Jul 21 21:29:24 UTC 2026
// 同步 ID: 368662a0 @ Wed Jul 22 03:37:17 UTC 2026
// 同步 ID: e5acaf4e @ Wed Jul 22 08:52:06 UTC 2026
// 同步 ID: 893ce6d5 @ Wed Jul 22 17:11:53 UTC 2026
// 重构日志: fa98c0dd
// 同步 ID: 0db97936 @ Fri Jul 24 04:26:35 UTC 2026
// 重构日志: 24edddae
// 重构日志: 88ff8ec5
